[2026-05-17 16:13:58] INFO [mouss_tec_core:49] - 🟢 Mouss Tec Core: Tenant Signals connected successfully.
[2026-05-17 16:13:58] INFO [mouss_tec_core:57] - 🚀 Mouss Tec Central Command is FULLY OPERATIONAL.
[2026-05-17 16:14:13] INFO [mouss_tec_core:76] - 🛡️ Watchdog: Mouss Tec Escrow & Bidding radar is now active.
[2026-05-17 16:15:13] ERROR [mouss_tec_core:132] - 🔴 Watchdog Engine Error: relation "clients_bidoffer" does not exist
LINE 1: ...ROM "clients_blindbiddingrequest" LEFT OUTER JOIN "clients_b...
                                                             ^

[2026-05-17 16:16:13] ERROR [mouss_tec_core:132] - 🔴 Watchdog Engine Error: relation "clients_bidoffer" does not exist
LINE 1: ...ROM "clients_blindbiddingrequest" LEFT OUTER JOIN "clients_b...
                                                             ^

[2026-05-17 16:17:13] ERROR [mouss_tec_core:132] - 🔴 Watchdog Engine Error: relation "clients_bidoffer" does not exist
LINE 1: ...ROM "clients_blindbiddingrequest" LEFT OUTER JOIN "clients_b...
                                                             ^

[2026-05-17 16:18:13] ERROR [mouss_tec_core:132] - 🔴 Watchdog Engine Error: relation "clients_bidoffer" does not exist
LINE 1: ...ROM "clients_blindbiddingrequest" LEFT OUTER JOIN "clients_b...
                                                             ^

[2026-05-17 16:18:24] INFO [mouss_tec_core:49] - 🟢 Mouss Tec Core: Tenant Signals connected successfully.
[2026-05-17 16:18:24] INFO [mouss_tec_core:57] - 🚀 Mouss Tec Central Command is FULLY OPERATIONAL.
[2026-05-17 16:18:39] INFO [mouss_tec_core:76] - 🛡️ Watchdog: Mouss Tec Escrow & Bidding radar is now active.
[2026-05-17 16:19:39] ERROR [mouss_tec_core:132] - 🔴 Watchdog Engine Error: relation "clients_bidoffer" does not exist
LINE 1: ...ROM "clients_blindbiddingrequest" LEFT OUTER JOIN "clients_b...
                                                             ^

[2026-05-17 16:20:39] ERROR [mouss_tec_core:132] - 🔴 Watchdog Engine Error: relation "clients_bidoffer" does not exist
LINE 1: ...ROM "clients_blindbiddingrequest" LEFT OUTER JOIN "clients_b...
                                                             ^

[2026-05-17 16:21:39] ERROR [mouss_tec_core:132] - 🔴 Watchdog Engine Error: relation "clients_bidoffer" does not exist
LINE 1: ...ROM "clients_blindbiddingrequest" LEFT OUTER JOIN "clients_b...
                                                             ^

[2026-05-17 16:22:39] ERROR [mouss_tec_core:132] - 🔴 Watchdog Engine Error: relation "clients_bidoffer" does not exist
LINE 1: ...ROM "clients_blindbiddingrequest" LEFT OUTER JOIN "clients_b...
                                                             ^

[2026-05-17 16:23:39] ERROR [mouss_tec_core:132] - 🔴 Watchdog Engine Error: relation "clients_bidoffer" does not exist
LINE 1: ...ROM "clients_blindbiddingrequest" LEFT OUTER JOIN "clients_b...
                                                             ^

[2026-05-17 16:24:39] ERROR [mouss_tec_core:132] - 🔴 Watchdog Engine Error: relation "clients_bidoffer" does not exist
LINE 1: ...ROM "clients_blindbiddingrequest" LEFT OUTER JOIN "clients_b...
                                                             ^

[2026-05-17 16:25:39] ERROR [mouss_tec_core:132] - 🔴 Watchdog Engine Error: relation "clients_bidoffer" does not exist
LINE 1: ...ROM "clients_blindbiddingrequest" LEFT OUTER JOIN "clients_b...
                                                             ^

[2026-05-17 16:26:39] ERROR [mouss_tec_core:132] - 🔴 Watchdog Engine Error: relation "clients_bidoffer" does not exist
LINE 1: ...ROM "clients_blindbiddingrequest" LEFT OUTER JOIN "clients_b...
                                                             ^

[2026-05-17 16:27:39] ERROR [mouss_tec_core:132] - 🔴 Watchdog Engine Error: relation "clients_bidoffer" does not exist
LINE 1: ...ROM "clients_blindbiddingrequest" LEFT OUTER JOIN "clients_b...
                                                             ^

[2026-05-17 16:28:39] ERROR [mouss_tec_core:132] - 🔴 Watchdog Engine Error: relation "clients_bidoffer" does not exist
LINE 1: ...ROM "clients_blindbiddingrequest" LEFT OUTER JOIN "clients_b...
                                                             ^

[2026-05-17 16:29:39] ERROR [mouss_tec_core:132] - 🔴 Watchdog Engine Error: relation "clients_bidoffer" does not exist
LINE 1: ...ROM "clients_blindbiddingrequest" LEFT OUTER JOIN "clients_b...
                                                             ^

[2026-05-17 16:30:39] ERROR [mouss_tec_core:132] - 🔴 Watchdog Engine Error: relation "clients_bidoffer" does not exist
LINE 1: ...ROM "clients_blindbiddingrequest" LEFT OUTER JOIN "clients_b...
                                                             ^

[2026-05-17 16:31:39] ERROR [mouss_tec_core:132] - 🔴 Watchdog Engine Error: relation "clients_bidoffer" does not exist
LINE 1: ...ROM "clients_blindbiddingrequest" LEFT OUTER JOIN "clients_b...
                                                             ^

[2026-05-17 16:32:39] ERROR [mouss_tec_core:132] - 🔴 Watchdog Engine Error: relation "clients_bidoffer" does not exist
LINE 1: ...ROM "clients_blindbiddingrequest" LEFT OUTER JOIN "clients_b...
                                                             ^

[2026-05-17 16:33:39] ERROR [mouss_tec_core:132] - 🔴 Watchdog Engine Error: relation "clients_bidoffer" does not exist
LINE 1: ...ROM "clients_blindbiddingrequest" LEFT OUTER JOIN "clients_b...
                                                             ^

[2026-05-17 17:16:26] INFO [mouss_tec_core:49] - 🟢 Mouss Tec Core: Tenant Signals connected successfully.
[2026-05-17 17:16:26] INFO [mouss_tec_core:57] - 🚀 Mouss Tec Central Command is FULLY OPERATIONAL.
[2026-05-17 17:16:27] INFO [mouss_tec_core:49] - 🟢 Mouss Tec Core: Tenant Signals connected successfully.
[2026-05-17 17:16:27] INFO [mouss_tec_core:57] - 🚀 Mouss Tec Central Command is FULLY OPERATIONAL.
[2026-05-17 17:16:41] INFO [mouss_tec_core:76] - 🛡️ Watchdog: Mouss Tec Escrow & Bidding radar is now active.
[2026-05-17 17:16:41] ERROR [mouss_tec_core:132] - 🔴 Watchdog Engine Error: relation "clients_bidoffer" does not exist
LINE 1: ...ROM "clients_blindbiddingrequest" LEFT OUTER JOIN "clients_b...
                                                             ^

[2026-05-17 17:16:42] INFO [mouss_tec_core:76] - 🛡️ Watchdog: Mouss Tec Escrow & Bidding radar is now active.
[2026-05-17 17:17:41] ERROR [mouss_tec_core:132] - 🔴 Watchdog Engine Error: relation "clients_bidoffer" does not exist
LINE 1: ...ROM "clients_blindbiddingrequest" LEFT OUTER JOIN "clients_b...
                                                             ^

[2026-05-17 17:29:23] INFO [mouss_tec_core:49] - 🟢 Mouss Tec Core: Tenant Signals connected successfully.
[2026-05-17 17:29:23] INFO [mouss_tec_core:57] - 🚀 Mouss Tec Central Command is FULLY OPERATIONAL.
[2026-05-17 17:29:24] INFO [mouss_tec_core:49] - 🟢 Mouss Tec Core: Tenant Signals connected successfully.
[2026-05-17 17:29:24] INFO [mouss_tec_core:57] - 🚀 Mouss Tec Central Command is FULLY OPERATIONAL.
[2026-05-17 17:29:38] INFO [mouss_tec_core:76] - 🛡️ Watchdog: Mouss Tec Escrow & Bidding radar is now active.
[2026-05-17 17:29:38] ERROR [mouss_tec_core:132] - 🔴 Watchdog Engine Error: relation "clients_bidoffer" does not exist
LINE 1: ...ROM "clients_blindbiddingrequest" LEFT OUTER JOIN "clients_b...
                                                             ^

[2026-05-17 17:29:39] INFO [mouss_tec_core:76] - 🛡️ Watchdog: Mouss Tec Escrow & Bidding radar is now active.
[2026-05-17 17:30:38] ERROR [mouss_tec_core:132] - 🔴 Watchdog Engine Error: relation "clients_bidoffer" does not exist
LINE 1: ...ROM "clients_blindbiddingrequest" LEFT OUTER JOIN "clients_b...
                                                             ^

[2026-05-17 17:42:48] INFO [mouss_tec_core:49] - 🟢 Mouss Tec Core: Tenant Signals connected successfully.
[2026-05-17 17:42:48] INFO [mouss_tec_core:57] - 🚀 Mouss Tec Central Command is FULLY OPERATIONAL.
[2026-05-17 17:42:49] INFO [mouss_tec_core:49] - 🟢 Mouss Tec Core: Tenant Signals connected successfully.
[2026-05-17 17:42:49] INFO [mouss_tec_core:57] - 🚀 Mouss Tec Central Command is FULLY OPERATIONAL.
[2026-05-17 17:43:03] INFO [mouss_tec_core:76] - 🛡️ Watchdog: Mouss Tec Escrow & Bidding radar is now active.
[2026-05-17 17:43:04] INFO [mouss_tec_core:76] - 🛡️ Watchdog: Mouss Tec Escrow & Bidding radar is now active.
[2026-05-17 17:45:12] INFO [mouss_tec_core:49] - 🟢 Mouss Tec Core: Tenant Signals connected successfully.
[2026-05-17 17:45:12] INFO [mouss_tec_core:57] - 🚀 Mouss Tec Central Command is FULLY OPERATIONAL.
[2026-05-17 17:45:27] INFO [mouss_tec_core:76] - 🛡️ Watchdog: Mouss Tec Escrow & Bidding radar is now active.
[2026-05-17 17:46:45] INFO [mouss_tec_core:49] - 🟢 Mouss Tec Core: Tenant Signals connected successfully.
[2026-05-17 17:46:45] INFO [mouss_tec_core:57] - 🚀 Mouss Tec Central Command is FULLY OPERATIONAL.
[2026-05-17 17:47:00] INFO [mouss_tec_core:76] - 🛡️ Watchdog: Mouss Tec Escrow & Bidding radar is now active.
[2026-05-17 17:48:27] INFO [mouss_tec_core:49] - 🟢 Mouss Tec Core: Tenant Signals connected successfully.
[2026-05-17 17:48:27] INFO [mouss_tec_core:57] - 🚀 Mouss Tec Central Command is FULLY OPERATIONAL.
[2026-05-17 17:48:27] INFO [mouss_tec_core:49] - 🟢 Mouss Tec Core: Tenant Signals connected successfully.
[2026-05-17 17:48:27] INFO [mouss_tec_core:57] - 🚀 Mouss Tec Central Command is FULLY OPERATIONAL.
[2026-05-17 17:48:42] INFO [mouss_tec_core:76] - 🛡️ Watchdog: Mouss Tec Escrow & Bidding radar is now active.
[2026-05-17 17:48:42] INFO [mouss_tec_core:76] - 🛡️ Watchdog: Mouss Tec Escrow & Bidding radar is now active.
[2026-05-17 17:50:20] INFO [mouss_tec_core:49] - 🟢 Mouss Tec Core: Tenant Signals connected successfully.
[2026-05-17 17:50:20] INFO [mouss_tec_core:57] - 🚀 Mouss Tec Central Command is FULLY OPERATIONAL.
[2026-05-17 17:50:21] INFO [mouss_tec_core:49] - 🟢 Mouss Tec Core: Tenant Signals connected successfully.
[2026-05-17 17:50:21] INFO [mouss_tec_core:57] - 🚀 Mouss Tec Central Command is FULLY OPERATIONAL.
[2026-05-17 17:50:35] INFO [mouss_tec_core:76] - 🛡️ Watchdog: Mouss Tec Escrow & Bidding radar is now active.
[2026-05-17 17:50:36] INFO [mouss_tec_core:76] - 🛡️ Watchdog: Mouss Tec Escrow & Bidding radar is now active.
[2026-05-17 17:51:00] INFO [mouss_tec_core:49] - 🟢 Mouss Tec Core: Tenant Signals connected successfully.
[2026-05-17 17:51:00] INFO [mouss_tec_core:57] - 🚀 Mouss Tec Central Command is FULLY OPERATIONAL.
[2026-05-17 17:51:15] INFO [mouss_tec_core:76] - 🛡️ Watchdog: Mouss Tec Escrow & Bidding radar is now active.
[2026-05-17 17:55:14] INFO [mouss_tec_core:49] - 🟢 Mouss Tec Core: Tenant Signals connected successfully.
[2026-05-17 17:55:14] INFO [mouss_tec_core:57] - 🚀 Mouss Tec Central Command is FULLY OPERATIONAL.
[2026-05-17 17:55:29] INFO [mouss_tec_core:76] - 🛡️ Watchdog: Mouss Tec Escrow & Bidding radar is now active.
[2026-05-17 17:57:40] INFO [mouss_tec_core:49] - 🟢 Mouss Tec Core: Tenant Signals connected successfully.
[2026-05-17 17:57:40] INFO [mouss_tec_core:57] - 🚀 Mouss Tec Central Command is FULLY OPERATIONAL.
[2026-05-17 17:57:55] INFO [mouss_tec_core:76] - 🛡️ Watchdog: Mouss Tec Escrow & Bidding radar is now active.
[2026-05-17 18:13:35] INFO [mouss_tec_core:49] - 🟢 Mouss Tec Core: Tenant Signals connected successfully.
[2026-05-17 18:13:35] INFO [mouss_tec_core:57] - 🚀 Mouss Tec Central Command is FULLY OPERATIONAL.
[2026-05-17 18:13:46] INFO [mouss_tec_core:49] - 🟢 Mouss Tec Core: Tenant Signals connected successfully.
[2026-05-17 18:13:46] INFO [mouss_tec_core:57] - 🚀 Mouss Tec Central Command is FULLY OPERATIONAL.
[2026-05-17 18:14:01] INFO [mouss_tec_core:76] - 🛡️ Watchdog: Mouss Tec Escrow & Bidding radar is now active.
[2026-05-17 18:14:10] INFO [mouss_tec_core:49] - 🟢 Mouss Tec Core: Tenant Signals connected successfully.
[2026-05-17 18:14:10] INFO [mouss_tec_core:57] - 🚀 Mouss Tec Central Command is FULLY OPERATIONAL.
[2026-05-17 18:14:23] INFO [mouss_tec_core:49] - 🟢 Mouss Tec Core: Tenant Signals connected successfully.
[2026-05-17 18:14:23] INFO [mouss_tec_core:57] - 🚀 Mouss Tec Central Command is FULLY OPERATIONAL.
[2026-05-17 18:14:38] INFO [mouss_tec_core:76] - 🛡️ Watchdog: Mouss Tec Escrow & Bidding radar is now active.
[2026-05-17 18:15:13] INFO [mouss_tec_core:49] - 🟢 Mouss Tec Core: Tenant Signals connected successfully.
[2026-05-17 18:15:13] INFO [mouss_tec_core:57] - 🚀 Mouss Tec Central Command is FULLY OPERATIONAL.
[2026-05-17 18:15:14] INFO [mouss_tec_core:49] - 🟢 Mouss Tec Core: Tenant Signals connected successfully.
[2026-05-17 18:15:14] INFO [mouss_tec_core:57] - 🚀 Mouss Tec Central Command is FULLY OPERATIONAL.
[2026-05-17 18:15:28] INFO [mouss_tec_core:76] - 🛡️ Watchdog: Mouss Tec Escrow & Bidding radar is now active.
[2026-05-17 18:15:29] INFO [mouss_tec_core:76] - 🛡️ Watchdog: Mouss Tec Escrow & Bidding radar is now active.
[2026-05-17 18:16:49] INFO [mouss_tec_core:49] - 🟢 Mouss Tec Core: Tenant Signals connected successfully.
[2026-05-17 18:16:49] INFO [mouss_tec_core:57] - 🚀 Mouss Tec Central Command is FULLY OPERATIONAL.
[2026-05-17 18:16:50] INFO [mouss_tec_core:49] - 🟢 Mouss Tec Core: Tenant Signals connected successfully.
[2026-05-17 18:16:50] INFO [mouss_tec_core:57] - 🚀 Mouss Tec Central Command is FULLY OPERATIONAL.
[2026-05-17 18:17:04] INFO [mouss_tec_core:76] - 🛡️ Watchdog: Mouss Tec Escrow & Bidding radar is now active.
[2026-05-17 18:17:05] INFO [mouss_tec_core:76] - 🛡️ Watchdog: Mouss Tec Escrow & Bidding radar is now active.
[2026-05-17 18:19:59] INFO [mouss_tec_core:49] - 🟢 Mouss Tec Core: Tenant Signals connected successfully.
[2026-05-17 18:19:59] INFO [mouss_tec_core:57] - 🚀 Mouss Tec Central Command is FULLY OPERATIONAL.
[2026-05-17 18:20:14] INFO [mouss_tec_core:76] - 🛡️ Watchdog: Mouss Tec Escrow & Bidding radar is now active.
[2026-05-17 18:20:52] INFO [mouss_tec_core:49] - 🟢 Mouss Tec Core: Tenant Signals connected successfully.
[2026-05-17 18:20:52] INFO [mouss_tec_core:57] - 🚀 Mouss Tec Central Command is FULLY OPERATIONAL.
[2026-05-17 18:21:07] INFO [mouss_tec_core:76] - 🛡️ Watchdog: Mouss Tec Escrow & Bidding radar is now active.
[2026-05-17 18:27:06] INFO [mouss_tec_core:49] - 🟢 Mouss Tec Core: Tenant Signals connected successfully.
[2026-05-17 18:27:06] INFO [mouss_tec_core:57] - 🚀 Mouss Tec Central Command is FULLY OPERATIONAL.
[2026-05-17 18:27:06] INFO [mouss_tec_core:49] - 🟢 Mouss Tec Core: Tenant Signals connected successfully.
[2026-05-17 18:27:06] INFO [mouss_tec_core:57] - 🚀 Mouss Tec Central Command is FULLY OPERATIONAL.
[2026-05-17 18:27:21] INFO [mouss_tec_core:76] - 🛡️ Watchdog: Mouss Tec Escrow & Bidding radar is now active.
[2026-05-17 18:27:21] INFO [mouss_tec_core:76] - 🛡️ Watchdog: Mouss Tec Escrow & Bidding radar is now active.
[2026-05-17 18:29:57] INFO [mouss_tec_core:49] - 🟢 Mouss Tec Core: Tenant Signals connected successfully.
[2026-05-17 18:29:57] INFO [mouss_tec_core:57] - 🚀 Mouss Tec Central Command is FULLY OPERATIONAL.
[2026-05-17 18:30:12] INFO [mouss_tec_core:76] - 🛡️ Watchdog: Mouss Tec Escrow & Bidding radar is now active.
[2026-05-17 18:33:43] INFO [mouss_tec_core:49] - 🟢 Mouss Tec Core: Tenant Signals connected successfully.
[2026-05-17 18:33:43] INFO [mouss_tec_core:57] - 🚀 Mouss Tec Central Command is FULLY OPERATIONAL.
[2026-05-17 18:33:58] INFO [mouss_tec_core:76] - 🛡️ Watchdog: Mouss Tec Escrow & Bidding radar is now active.
[2026-05-17 19:26:43] INFO [mouss_tec_core:49] - 🟢 Mouss Tec Core: Tenant Signals connected successfully.
[2026-05-17 19:26:43] INFO [mouss_tec_core:57] - 🚀 Mouss Tec Central Command is FULLY OPERATIONAL.
[2026-05-17 19:26:58] INFO [mouss_tec_core:76] - 🛡️ Watchdog: Mouss Tec Escrow & Bidding radar is now active.
[2026-05-17 19:30:39] INFO [mouss_tec_core:49] - 🟢 Mouss Tec Core: Tenant Signals connected successfully.
[2026-05-17 19:30:39] INFO [mouss_tec_core:57] - 🚀 Mouss Tec Central Command is FULLY OPERATIONAL.
[2026-05-17 19:30:54] INFO [mouss_tec_core:76] - 🛡️ Watchdog: Mouss Tec Escrow & Bidding radar is now active.
[2026-05-17 19:34:52] INFO [mouss_tec_core:49] - 🟢 Mouss Tec Core: Tenant Signals connected successfully.
[2026-05-17 19:34:52] INFO [mouss_tec_core:57] - 🚀 Mouss Tec Central Command is FULLY OPERATIONAL.
[2026-05-17 19:35:07] INFO [mouss_tec_core:76] - 🛡️ Watchdog: Mouss Tec Escrow & Bidding radar is now active.
[2026-05-17 20:30:24] INFO [mouss_tec_core:49] - 🟢 Mouss Tec Core: Tenant Signals connected successfully.
[2026-05-17 20:30:24] INFO [mouss_tec_core:57] - 🚀 Mouss Tec Central Command is FULLY OPERATIONAL.
[2026-05-17 20:30:25] INFO [mouss_tec_core:49] - 🟢 Mouss Tec Core: Tenant Signals connected successfully.
[2026-05-17 20:30:25] INFO [mouss_tec_core:57] - 🚀 Mouss Tec Central Command is FULLY OPERATIONAL.
[2026-05-17 20:30:43] INFO [mouss_tec_core:49] - 🟢 Mouss Tec Core: Tenant Signals connected successfully.
[2026-05-17 20:30:43] INFO [mouss_tec_core:57] - 🚀 Mouss Tec Central Command is FULLY OPERATIONAL.
[2026-05-17 20:30:43] INFO [mouss_tec_core:49] - 🟢 Mouss Tec Core: Tenant Signals connected successfully.
[2026-05-17 20:30:43] INFO [mouss_tec_core:57] - 🚀 Mouss Tec Central Command is FULLY OPERATIONAL.
[2026-05-17 20:30:58] INFO [mouss_tec_core:76] - 🛡️ Watchdog: Mouss Tec Escrow & Bidding radar is now active.
[2026-05-17 20:30:58] INFO [mouss_tec_core:76] - 🛡️ Watchdog: Mouss Tec Escrow & Bidding radar is now active.
[2026-05-17 20:32:20] INFO [mouss_tec_core:49] - 🟢 Mouss Tec Core: Tenant Signals connected successfully.
[2026-05-17 20:32:20] INFO [mouss_tec_core:57] - 🚀 Mouss Tec Central Command is FULLY OPERATIONAL.
[2026-05-17 20:32:21] INFO [mouss_tec_core:49] - 🟢 Mouss Tec Core: Tenant Signals connected successfully.
[2026-05-17 20:32:21] INFO [mouss_tec_core:57] - 🚀 Mouss Tec Central Command is FULLY OPERATIONAL.
[2026-05-17 20:32:36] INFO [mouss_tec_core:49] - 🟢 Mouss Tec Core: Tenant Signals connected successfully.
[2026-05-17 20:32:36] INFO [mouss_tec_core:57] - 🚀 Mouss Tec Central Command is FULLY OPERATIONAL.
[2026-05-17 20:32:36] INFO [mouss_tec_core:49] - 🟢 Mouss Tec Core: Tenant Signals connected successfully.
[2026-05-17 20:32:36] INFO [mouss_tec_core:57] - 🚀 Mouss Tec Central Command is FULLY OPERATIONAL.
[2026-05-17 20:32:51] INFO [mouss_tec_core:76] - 🛡️ Watchdog: Mouss Tec Escrow & Bidding radar is now active.
[2026-05-17 20:32:51] INFO [mouss_tec_core:76] - 🛡️ Watchdog: Mouss Tec Escrow & Bidding radar is now active.
[2026-05-17 20:34:35] INFO [mouss_tec_core:49] - 🟢 Mouss Tec Core: Tenant Signals connected successfully.
[2026-05-17 20:34:35] INFO [mouss_tec_core:57] - 🚀 Mouss Tec Central Command is FULLY OPERATIONAL.
[2026-05-17 20:34:36] INFO [mouss_tec_core:49] - 🟢 Mouss Tec Core: Tenant Signals connected successfully.
[2026-05-17 20:34:36] INFO [mouss_tec_core:57] - 🚀 Mouss Tec Central Command is FULLY OPERATIONAL.
[2026-05-17 20:34:50] INFO [mouss_tec_core:76] - 🛡️ Watchdog: Mouss Tec Escrow & Bidding radar is now active.
[2026-05-17 20:34:51] INFO [mouss_tec_core:76] - 🛡️ Watchdog: Mouss Tec Escrow & Bidding radar is now active.
[2026-05-17 20:35:43] INFO [mouss_tec_core:49] - 🟢 Mouss Tec Core: Tenant Signals connected successfully.
[2026-05-17 20:35:43] INFO [mouss_tec_core:57] - 🚀 Mouss Tec Central Command is FULLY OPERATIONAL.
[2026-05-17 20:35:44] INFO [mouss_tec_core:49] - 🟢 Mouss Tec Core: Tenant Signals connected successfully.
[2026-05-17 20:35:44] INFO [mouss_tec_core:57] - 🚀 Mouss Tec Central Command is FULLY OPERATIONAL.
[2026-05-17 20:36:09] INFO [mouss_tec_core:49] - 🟢 Mouss Tec Core: Tenant Signals connected successfully.
[2026-05-17 20:36:09] INFO [mouss_tec_core:57] - 🚀 Mouss Tec Central Command is FULLY OPERATIONAL.
[2026-05-17 20:36:10] INFO [mouss_tec_core:49] - 🟢 Mouss Tec Core: Tenant Signals connected successfully.
[2026-05-17 20:36:10] INFO [mouss_tec_core:57] - 🚀 Mouss Tec Central Command is FULLY OPERATIONAL.
[2026-05-17 20:36:24] INFO [mouss_tec_core:76] - 🛡️ Watchdog: Mouss Tec Escrow & Bidding radar is now active.
[2026-05-17 20:36:25] INFO [mouss_tec_core:76] - 🛡️ Watchdog: Mouss Tec Escrow & Bidding radar is now active.
[2026-05-17 20:37:53] INFO [mouss_tec_core:49] - 🟢 Mouss Tec Core: Tenant Signals connected successfully.
[2026-05-17 20:37:53] INFO [mouss_tec_core:57] - 🚀 Mouss Tec Central Command is FULLY OPERATIONAL.
[2026-05-17 20:37:53] INFO [mouss_tec_core:49] - 🟢 Mouss Tec Core: Tenant Signals connected successfully.
[2026-05-17 20:37:53] INFO [mouss_tec_core:57] - 🚀 Mouss Tec Central Command is FULLY OPERATIONAL.
[2026-05-17 20:38:08] INFO [mouss_tec_core:76] - 🛡️ Watchdog: Mouss Tec Escrow & Bidding radar is now active.
[2026-05-17 20:38:08] INFO [mouss_tec_core:76] - 🛡️ Watchdog: Mouss Tec Escrow & Bidding radar is now active.
[2026-05-17 20:40:30] INFO [mouss_tec_core:49] - 🟢 Mouss Tec Core: Tenant Signals connected successfully.
[2026-05-17 20:40:30] INFO [mouss_tec_core:57] - 🚀 Mouss Tec Central Command is FULLY OPERATIONAL.
[2026-05-17 20:40:31] INFO [mouss_tec_core:49] - 🟢 Mouss Tec Core: Tenant Signals connected successfully.
[2026-05-17 20:40:31] INFO [mouss_tec_core:57] - 🚀 Mouss Tec Central Command is FULLY OPERATIONAL.
[2026-05-17 20:40:45] INFO [mouss_tec_core:76] - 🛡️ Watchdog: Mouss Tec Escrow & Bidding radar is now active.
[2026-05-17 20:40:46] INFO [mouss_tec_core:76] - 🛡️ Watchdog: Mouss Tec Escrow & Bidding radar is now active.
[2026-05-17 20:41:11] INFO [mouss_tec_core:49] - 🟢 Mouss Tec Core: Tenant Signals connected successfully.
[2026-05-17 20:41:11] INFO [mouss_tec_core:57] - 🚀 Mouss Tec Central Command is FULLY OPERATIONAL.
[2026-05-17 20:41:12] INFO [mouss_tec_core:49] - 🟢 Mouss Tec Core: Tenant Signals connected successfully.
[2026-05-17 20:41:12] INFO [mouss_tec_core:57] - 🚀 Mouss Tec Central Command is FULLY OPERATIONAL.
[2026-05-17 20:41:26] INFO [mouss_tec_core:76] - 🛡️ Watchdog: Mouss Tec Escrow & Bidding radar is now active.
[2026-05-17 20:41:27] INFO [mouss_tec_core:76] - 🛡️ Watchdog: Mouss Tec Escrow & Bidding radar is now active.
[2026-05-17 20:46:46] INFO [mouss_tec_core:49] - 🟢 Mouss Tec Core: Tenant Signals connected successfully.
[2026-05-17 20:46:46] INFO [mouss_tec_core:57] - 🚀 Mouss Tec Central Command is FULLY OPERATIONAL.
[2026-05-17 20:46:47] INFO [mouss_tec_core:49] - 🟢 Mouss Tec Core: Tenant Signals connected successfully.
[2026-05-17 20:46:47] INFO [mouss_tec_core:57] - 🚀 Mouss Tec Central Command is FULLY OPERATIONAL.
[2026-05-17 20:47:01] INFO [mouss_tec_core:76] - 🛡️ Watchdog: Mouss Tec Escrow & Bidding radar is now active.
[2026-05-17 20:47:02] INFO [mouss_tec_core:76] - 🛡️ Watchdog: Mouss Tec Escrow & Bidding radar is now active.
[2026-05-17 20:50:31] INFO [mouss_tec_core:49] - 🟢 Mouss Tec Core: Tenant Signals connected successfully.
[2026-05-17 20:50:31] INFO [mouss_tec_core:57] - 🚀 Mouss Tec Central Command is FULLY OPERATIONAL.
[2026-05-17 20:50:46] INFO [mouss_tec_core:76] - 🛡️ Watchdog: Mouss Tec Escrow & Bidding radar is now active.
[2026-05-17 20:53:42] INFO [mouss_tec_core:49] - 🟢 Mouss Tec Core: Tenant Signals connected successfully.
[2026-05-17 20:53:42] INFO [mouss_tec_core:57] - 🚀 Mouss Tec Central Command is FULLY OPERATIONAL.
[2026-05-17 20:53:57] INFO [mouss_tec_core:76] - 🛡️ Watchdog: Mouss Tec Escrow & Bidding radar is now active.
[2026-05-17 21:02:08] INFO [mouss_tec_core:49] - 🟢 Mouss Tec Core: Tenant Signals connected successfully.
[2026-05-17 21:02:08] INFO [mouss_tec_core:57] - 🚀 Mouss Tec Central Command is FULLY OPERATIONAL.
[2026-05-17 21:02:14] INFO [mouss_tec_core:49] - 🟢 Mouss Tec Core: Tenant Signals connected successfully.
[2026-05-17 21:02:14] INFO [mouss_tec_core:57] - 🚀 Mouss Tec Central Command is FULLY OPERATIONAL.
[2026-05-17 21:02:29] INFO [mouss_tec_core:76] - 🛡️ Watchdog: Mouss Tec Escrow & Bidding radar is now active.
[2026-05-17 21:03:47] INFO [mouss_tec_core:49] - 🟢 Mouss Tec Core: Tenant Signals connected successfully.
[2026-05-17 21:03:47] INFO [mouss_tec_core:57] - 🚀 Mouss Tec Central Command is FULLY OPERATIONAL.
[2026-05-17 21:04:02] INFO [mouss_tec_core:76] - 🛡️ Watchdog: Mouss Tec Escrow & Bidding radar is now active.
[2026-05-17 21:10:53] INFO [mouss_tec_core:49] - 🟢 Mouss Tec Core: Tenant Signals connected successfully.
[2026-05-17 21:10:53] INFO [mouss_tec_core:57] - 🚀 Mouss Tec Central Command is FULLY OPERATIONAL.
[2026-05-17 21:11:08] INFO [mouss_tec_core:76] - 🛡️ Watchdog: Mouss Tec Escrow & Bidding radar is now active.
[2026-05-17 21:11:42] INFO [mouss_tec_core:49] - 🟢 Mouss Tec Core: Tenant Signals connected successfully.
[2026-05-17 21:11:42] INFO [mouss_tec_core:57] - 🚀 Mouss Tec Central Command is FULLY OPERATIONAL.
[2026-05-17 21:11:57] INFO [mouss_tec_core:76] - 🛡️ Watchdog: Mouss Tec Escrow & Bidding radar is now active.
[2026-05-17 21:12:01] INFO [mouss_tec_core:49] - 🟢 Mouss Tec Core: Tenant Signals connected successfully.
[2026-05-17 21:12:01] INFO [mouss_tec_core:57] - 🚀 Mouss Tec Central Command is FULLY OPERATIONAL.
[2026-05-17 21:12:02] INFO [mouss_tec_core:49] - 🟢 Mouss Tec Core: Tenant Signals connected successfully.
[2026-05-17 21:12:02] INFO [mouss_tec_core:57] - 🚀 Mouss Tec Central Command is FULLY OPERATIONAL.
[2026-05-17 21:12:16] INFO [mouss_tec_core:76] - 🛡️ Watchdog: Mouss Tec Escrow & Bidding radar is now active.
[2026-05-17 21:12:17] INFO [mouss_tec_core:76] - 🛡️ Watchdog: Mouss Tec Escrow & Bidding radar is now active.
[2026-05-17 21:12:59] INFO [mouss_tec_core:49] - 🟢 Mouss Tec Core: Tenant Signals connected successfully.
[2026-05-17 21:12:59] INFO [mouss_tec_core:57] - 🚀 Mouss Tec Central Command is FULLY OPERATIONAL.
[2026-05-17 21:13:00] INFO [mouss_tec_core:49] - 🟢 Mouss Tec Core: Tenant Signals connected successfully.
[2026-05-17 21:13:00] INFO [mouss_tec_core:57] - 🚀 Mouss Tec Central Command is FULLY OPERATIONAL.
[2026-05-17 21:13:14] INFO [mouss_tec_core:76] - 🛡️ Watchdog: Mouss Tec Escrow & Bidding radar is now active.
[2026-05-17 21:13:15] INFO [mouss_tec_core:76] - 🛡️ Watchdog: Mouss Tec Escrow & Bidding radar is now active.
[2026-05-17 21:19:21] INFO [mouss_tec_core:49] - 🟢 Mouss Tec Core: Tenant Signals connected successfully.
[2026-05-17 21:19:21] INFO [mouss_tec_core:57] - 🚀 Mouss Tec Central Command is FULLY OPERATIONAL.
[2026-05-17 21:19:22] INFO [mouss_tec_core:49] - 🟢 Mouss Tec Core: Tenant Signals connected successfully.
[2026-05-17 21:19:22] INFO [mouss_tec_core:57] - 🚀 Mouss Tec Central Command is FULLY OPERATIONAL.
[2026-05-17 21:19:36] INFO [mouss_tec_core:76] - 🛡️ Watchdog: Mouss Tec Escrow & Bidding radar is now active.
[2026-05-17 21:19:37] INFO [mouss_tec_core:76] - 🛡️ Watchdog: Mouss Tec Escrow & Bidding radar is now active.
[2026-05-17 21:24:29] INFO [mouss_tec_core:49] - 🟢 Mouss Tec Core: Tenant Signals connected successfully.
[2026-05-17 21:24:29] INFO [mouss_tec_core:57] - 🚀 Mouss Tec Central Command is FULLY OPERATIONAL.
[2026-05-17 21:24:44] INFO [mouss_tec_core:76] - 🛡️ Watchdog: Mouss Tec Escrow & Bidding radar is now active.
[2026-05-17 21:24:49] INFO [mouss_tec_core:73] - 🌐 [SaaS AUTO-SETUP]: Domain 'test.localhost' created for tenant 'companytest'
[2026-05-17 21:24:49] INFO [mouss_tec_core:87] - 💳 [ESCROW READY]: Immutable Ledger initialized for 'companytest'
[2026-05-17 21:24:49] ERROR [mouss_tec_core:155] - 🔴 [AUTO-PROVISIONING ERROR]: Failed inside schema 'test' - relation "inventory_branch" does not exist
LINE 1: ...anch"."location", "inventory_branch"."phone" FROM "inventory...
                                                             ^

[2026-05-17 21:24:49] INFO [mouss_tec_core:36] - 📨 [AI BOT]: Welcome kit & credentials generated for companytest. Ready to dispatch to .
[2026-05-17 21:26:34] INFO [mouss_tec_core:73] - 🌐 [SaaS AUTO-SETUP]: Domain 'test2.localhost' created for tenant 'companytest'
[2026-05-17 21:26:34] INFO [mouss_tec_core:87] - 💳 [ESCROW READY]: Immutable Ledger initialized for 'companytest'
[2026-05-17 21:26:34] ERROR [mouss_tec_core:155] - 🔴 [AUTO-PROVISIONING ERROR]: Failed inside schema 'test2' - relation "inventory_branch" does not exist
LINE 1: ...anch"."location", "inventory_branch"."phone" FROM "inventory...
                                                             ^

[2026-05-17 21:26:34] INFO [mouss_tec_core:36] - 📨 [AI BOT]: Welcome kit & credentials generated for companytest. Ready to dispatch to .
[2026-05-17 21:26:54] INFO [mouss_tec_core:73] - 🌐 [SaaS AUTO-SETUP]: Domain 'zaein_motors.localhost' created for tenant 'companytest'
[2026-05-17 21:26:54] INFO [mouss_tec_core:87] - 💳 [ESCROW READY]: Immutable Ledger initialized for 'companytest'
[2026-05-17 21:26:54] ERROR [mouss_tec_core:155] - 🔴 [AUTO-PROVISIONING ERROR]: Failed inside schema 'zaein_motors' - relation "inventory_branch" does not exist
LINE 1: ...anch"."location", "inventory_branch"."phone" FROM "inventory...
                                                             ^

[2026-05-17 21:26:54] INFO [mouss_tec_core:36] - 📨 [AI BOT]: Welcome kit & credentials generated for companytest. Ready to dispatch to .
[2026-05-17 21:28:58] INFO [mouss_tec_core:49] - 🟢 Mouss Tec Core: Tenant Signals connected successfully.
[2026-05-17 21:28:58] INFO [mouss_tec_core:57] - 🚀 Mouss Tec Central Command is FULLY OPERATIONAL.
[2026-05-17 21:29:13] INFO [mouss_tec_core:76] - 🛡️ Watchdog: Mouss Tec Escrow & Bidding radar is now active.
[2026-05-17 21:36:15] INFO [mouss_tec_core:49] - 🟢 Mouss Tec Core: Tenant Signals connected successfully.
[2026-05-17 21:36:15] INFO [mouss_tec_core:57] - 🚀 Mouss Tec Central Command is FULLY OPERATIONAL.
[2026-05-17 21:36:16] INFO [mouss_tec_core:49] - 🟢 Mouss Tec Core: Tenant Signals connected successfully.
[2026-05-17 21:36:16] INFO [mouss_tec_core:57] - 🚀 Mouss Tec Central Command is FULLY OPERATIONAL.
[2026-05-17 21:36:30] INFO [mouss_tec_core:76] - 🛡️ Watchdog: Mouss Tec Escrow & Bidding radar is now active.
[2026-05-17 21:36:31] INFO [mouss_tec_core:76] - 🛡️ Watchdog: Mouss Tec Escrow & Bidding radar is now active.
[2026-05-17 21:39:57] INFO [mouss_tec_core:49] - 🟢 Mouss Tec Core: Tenant Signals connected successfully.
[2026-05-17 21:39:57] INFO [mouss_tec_core:57] - 🚀 Mouss Tec Central Command is FULLY OPERATIONAL.
[2026-05-17 21:40:12] INFO [mouss_tec_core:76] - 🛡️ Watchdog: Mouss Tec Escrow & Bidding radar is now active.
[2026-05-17 21:43:36] INFO [mouss_tec_core:49] - 🟢 Mouss Tec Core: Tenant Signals connected successfully.
[2026-05-17 21:43:36] INFO [mouss_tec_core:57] - 🚀 Mouss Tec Central Command is FULLY OPERATIONAL.
[2026-05-17 21:43:51] INFO [mouss_tec_core:76] - 🛡️ Watchdog: Mouss Tec Escrow & Bidding radar is now active.
[2026-05-17 21:44:02] INFO [mouss_tec_core:49] - 🟢 Mouss Tec Core: Tenant Signals connected successfully.
[2026-05-17 21:44:02] INFO [mouss_tec_core:57] - 🚀 Mouss Tec Central Command is FULLY OPERATIONAL.
[2026-05-17 21:44:17] INFO [mouss_tec_core:76] - 🛡️ Watchdog: Mouss Tec Escrow & Bidding radar is now active.
[2026-05-17 21:45:13] INFO [mouss_tec_core:49] - 🟢 Mouss Tec Core: Tenant Signals connected successfully.
[2026-05-17 21:45:13] INFO [mouss_tec_core:57] - 🚀 Mouss Tec Central Command is FULLY OPERATIONAL.
[2026-05-17 21:45:28] INFO [mouss_tec_core:76] - 🛡️ Watchdog: Mouss Tec Escrow & Bidding radar is now active.
[2026-05-17 21:45:56] INFO [mouss_tec_core:49] - 🟢 Mouss Tec Core: Tenant Signals connected successfully.
[2026-05-17 21:45:56] INFO [mouss_tec_core:57] - 🚀 Mouss Tec Central Command is FULLY OPERATIONAL.
[2026-05-17 21:46:11] INFO [mouss_tec_core:76] - 🛡️ Watchdog: Mouss Tec Escrow & Bidding radar is now active.
[2026-05-17 21:47:33] INFO [mouss_tec_core:49] - 🟢 Mouss Tec Core: Tenant Signals connected successfully.
[2026-05-17 21:47:33] INFO [mouss_tec_core:57] - 🚀 Mouss Tec Central Command is FULLY OPERATIONAL.
[2026-05-17 21:47:48] INFO [mouss_tec_core:76] - 🛡️ Watchdog: Mouss Tec Escrow & Bidding radar is now active.
[2026-05-17 21:48:06] INFO [mouss_tec_core:49] - 🟢 Mouss Tec Core: Tenant Signals connected successfully.
[2026-05-17 21:48:06] INFO [mouss_tec_core:57] - 🚀 Mouss Tec Central Command is FULLY OPERATIONAL.
[2026-05-17 21:48:21] INFO [mouss_tec_core:76] - 🛡️ Watchdog: Mouss Tec Escrow & Bidding radar is now active.
[2026-05-17 21:48:36] INFO [mouss_tec_core:49] - 🟢 Mouss Tec Core: Tenant Signals connected successfully.
[2026-05-17 21:48:36] INFO [mouss_tec_core:57] - 🚀 Mouss Tec Central Command is FULLY OPERATIONAL.
[2026-05-17 21:48:37] INFO [mouss_tec_core:49] - 🟢 Mouss Tec Core: Tenant Signals connected successfully.
[2026-05-17 21:48:37] INFO [mouss_tec_core:57] - 🚀 Mouss Tec Central Command is FULLY OPERATIONAL.
[2026-05-17 21:50:08] INFO [mouss_tec_core:49] - 🟢 Mouss Tec Core: Tenant Signals connected successfully.
[2026-05-17 21:50:08] INFO [mouss_tec_core:57] - 🚀 Mouss Tec Central Command is FULLY OPERATIONAL.
[2026-05-17 21:50:08] INFO [mouss_tec_core:49] - 🟢 Mouss Tec Core: Tenant Signals connected successfully.
[2026-05-17 21:50:08] INFO [mouss_tec_core:57] - 🚀 Mouss Tec Central Command is FULLY OPERATIONAL.
[2026-05-17 21:50:22] INFO [mouss_tec_core:76] - 🛡️ Watchdog: Mouss Tec Escrow & Bidding radar is now active.
[2026-05-17 21:50:23] INFO [mouss_tec_core:76] - 🛡️ Watchdog: Mouss Tec Escrow & Bidding radar is now active.
[2026-05-17 21:50:50] INFO [mouss_tec_core:49] - 🟢 Mouss Tec Core: Tenant Signals connected successfully.
[2026-05-17 21:50:50] INFO [mouss_tec_core:57] - 🚀 Mouss Tec Central Command is FULLY OPERATIONAL.
[2026-05-17 21:50:51] INFO [mouss_tec_core:49] - 🟢 Mouss Tec Core: Tenant Signals connected successfully.
[2026-05-17 21:50:51] INFO [mouss_tec_core:57] - 🚀 Mouss Tec Central Command is FULLY OPERATIONAL.
[2026-05-17 21:51:05] INFO [mouss_tec_core:76] - 🛡️ Watchdog: Mouss Tec Escrow & Bidding radar is now active.
[2026-05-17 21:51:06] INFO [mouss_tec_core:76] - 🛡️ Watchdog: Mouss Tec Escrow & Bidding radar is now active.
[2026-05-17 21:51:48] INFO [mouss_tec_core:49] - 🟢 Mouss Tec Core: Tenant Signals connected successfully.
[2026-05-17 21:51:48] INFO [mouss_tec_core:57] - 🚀 Mouss Tec Central Command is FULLY OPERATIONAL.
[2026-05-17 21:51:49] INFO [mouss_tec_core:49] - 🟢 Mouss Tec Core: Tenant Signals connected successfully.
[2026-05-17 21:51:49] INFO [mouss_tec_core:57] - 🚀 Mouss Tec Central Command is FULLY OPERATIONAL.
[2026-05-17 21:52:03] INFO [mouss_tec_core:76] - 🛡️ Watchdog: Mouss Tec Escrow & Bidding radar is now active.
[2026-05-17 21:52:04] INFO [mouss_tec_core:76] - 🛡️ Watchdog: Mouss Tec Escrow & Bidding radar is now active.
[2026-05-17 21:55:21] INFO [mouss_tec_core:49] - 🟢 Mouss Tec Core: Tenant Signals connected successfully.
[2026-05-17 21:55:21] INFO [mouss_tec_core:57] - 🚀 Mouss Tec Central Command is FULLY OPERATIONAL.
[2026-05-17 21:55:22] INFO [mouss_tec_core:49] - 🟢 Mouss Tec Core: Tenant Signals connected successfully.
[2026-05-17 21:55:22] INFO [mouss_tec_core:57] - 🚀 Mouss Tec Central Command is FULLY OPERATIONAL.
[2026-05-17 21:55:36] INFO [mouss_tec_core:76] - 🛡️ Watchdog: Mouss Tec Escrow & Bidding radar is now active.
[2026-05-17 21:55:37] INFO [mouss_tec_core:76] - 🛡️ Watchdog: Mouss Tec Escrow & Bidding radar is now active.
[2026-05-17 21:57:54] INFO [mouss_tec_core:49] - 🟢 Mouss Tec Core: Tenant Signals connected successfully.
[2026-05-17 21:57:54] INFO [mouss_tec_core:57] - 🚀 Mouss Tec Central Command is FULLY OPERATIONAL.
[2026-05-17 21:57:55] INFO [mouss_tec_core:49] - 🟢 Mouss Tec Core: Tenant Signals connected successfully.
[2026-05-17 21:57:55] INFO [mouss_tec_core:57] - 🚀 Mouss Tec Central Command is FULLY OPERATIONAL.
[2026-05-17 21:58:09] INFO [mouss_tec_core:76] - 🛡️ Watchdog: Mouss Tec Escrow & Bidding radar is now active.
[2026-05-17 21:58:10] INFO [mouss_tec_core:76] - 🛡️ Watchdog: Mouss Tec Escrow & Bidding radar is now active.
[2026-05-17 22:00:32] INFO [mouss_tec_core:49] - 🟢 Mouss Tec Core: Tenant Signals connected successfully.
[2026-05-17 22:00:32] INFO [mouss_tec_core:57] - 🚀 Mouss Tec Central Command is FULLY OPERATIONAL.
[2026-05-17 22:00:33] INFO [mouss_tec_core:49] - 🟢 Mouss Tec Core: Tenant Signals connected successfully.
[2026-05-17 22:00:33] INFO [mouss_tec_core:57] - 🚀 Mouss Tec Central Command is FULLY OPERATIONAL.
[2026-05-17 22:00:47] INFO [mouss_tec_core:76] - 🛡️ Watchdog: Mouss Tec Escrow & Bidding radar is now active.
[2026-05-17 22:00:48] INFO [mouss_tec_core:76] - 🛡️ Watchdog: Mouss Tec Escrow & Bidding radar is now active.
[2026-05-17 22:12:03] INFO [mouss_tec_core:73] - 🌐 [SaaS AUTO-SETUP]: Domain 'test2.localhost' created for tenant 'test'
[2026-05-17 22:12:03] INFO [mouss_tec_core:87] - 💳 [ESCROW READY]: Immutable Ledger initialized for 'test'
[2026-05-17 22:12:03] ERROR [mouss_tec_core:155] - 🔴 [AUTO-PROVISIONING ERROR]: Failed inside schema 'test2' - relation "inventory_branch" does not exist
LINE 1: ...anch"."location", "inventory_branch"."phone" FROM "inventory...
                                                             ^

[2026-05-17 22:12:03] INFO [mouss_tec_core:36] - 📨 [AI BOT]: Welcome kit & credentials generated for test. Ready to dispatch to .
[2026-05-17 22:12:23] INFO [mouss_tec_core:73] - 🌐 [SaaS AUTO-SETUP]: Domain 'test5.localhost' created for tenant 'test'
[2026-05-17 22:12:23] INFO [mouss_tec_core:87] - 💳 [ESCROW READY]: Immutable Ledger initialized for 'test'
[2026-05-17 22:12:23] ERROR [mouss_tec_core:155] - 🔴 [AUTO-PROVISIONING ERROR]: Failed inside schema 'test5' - relation "inventory_branch" does not exist
LINE 1: ...anch"."location", "inventory_branch"."phone" FROM "inventory...
                                                             ^

[2026-05-17 22:12:23] INFO [mouss_tec_core:36] - 📨 [AI BOT]: Welcome kit & credentials generated for test. Ready to dispatch to .
[2026-05-17 22:12:40] INFO [mouss_tec_core:73] - 🌐 [SaaS AUTO-SETUP]: Domain 'testtesttest.localhost' created for tenant 'test'
[2026-05-17 22:12:40] INFO [mouss_tec_core:87] - 💳 [ESCROW READY]: Immutable Ledger initialized for 'test'
[2026-05-17 22:12:40] ERROR [mouss_tec_core:155] - 🔴 [AUTO-PROVISIONING ERROR]: Failed inside schema 'testtesttest' - relation "inventory_branch" does not exist
LINE 1: ...anch"."location", "inventory_branch"."phone" FROM "inventory...
                                                             ^

[2026-05-17 22:12:40] INFO [mouss_tec_core:36] - 📨 [AI BOT]: Welcome kit & credentials generated for test. Ready to dispatch to .
[2026-05-17 22:12:58] INFO [mouss_tec_core:73] - 🌐 [SaaS AUTO-SETUP]: Domain 'test2020.localhost' created for tenant 'test'
[2026-05-17 22:12:58] INFO [mouss_tec_core:87] - 💳 [ESCROW READY]: Immutable Ledger initialized for 'test'
[2026-05-17 22:12:58] ERROR [mouss_tec_core:155] - 🔴 [AUTO-PROVISIONING ERROR]: Failed inside schema 'test2020' - relation "inventory_branch" does not exist
LINE 1: ...anch"."location", "inventory_branch"."phone" FROM "inventory...
                                                             ^

[2026-05-17 22:12:58] INFO [mouss_tec_core:36] - 📨 [AI BOT]: Welcome kit & credentials generated for test. Ready to dispatch to .
[2026-05-17 22:13:11] INFO [mouss_tec_core:73] - 🌐 [SaaS AUTO-SETUP]: Domain 'mousa.localhost' created for tenant 'test'
[2026-05-17 22:13:11] INFO [mouss_tec_core:87] - 💳 [ESCROW READY]: Immutable Ledger initialized for 'test'
[2026-05-17 22:13:11] ERROR [mouss_tec_core:155] - 🔴 [AUTO-PROVISIONING ERROR]: Failed inside schema 'mousa' - relation "inventory_branch" does not exist
LINE 1: ...anch"."location", "inventory_branch"."phone" FROM "inventory...
                                                             ^

[2026-05-17 22:13:11] INFO [mouss_tec_core:36] - 📨 [AI BOT]: Welcome kit & credentials generated for test. Ready to dispatch to .
[2026-05-17 22:17:29] INFO [mouss_tec_core:49] - 🟢 Mouss Tec Core: Tenant Signals connected successfully.
[2026-05-17 22:17:29] INFO [mouss_tec_core:57] - 🚀 Mouss Tec Central Command is FULLY OPERATIONAL.
[2026-05-17 22:17:30] INFO [mouss_tec_core:49] - 🟢 Mouss Tec Core: Tenant Signals connected successfully.
[2026-05-17 22:17:30] INFO [mouss_tec_core:57] - 🚀 Mouss Tec Central Command is FULLY OPERATIONAL.
[2026-05-17 22:17:44] INFO [mouss_tec_core:76] - 🛡️ Watchdog: Mouss Tec Escrow & Bidding radar is now active.
[2026-05-17 22:17:45] INFO [mouss_tec_core:76] - 🛡️ Watchdog: Mouss Tec Escrow & Bidding radar is now active.
[2026-05-17 22:21:43] INFO [mouss_tec_core:49] - 🟢 Mouss Tec Core: Tenant Signals connected successfully.
[2026-05-17 22:21:43] INFO [mouss_tec_core:57] - 🚀 Mouss Tec Central Command is FULLY OPERATIONAL.
[2026-05-17 22:21:58] INFO [mouss_tec_core:76] - 🛡️ Watchdog: Mouss Tec Escrow & Bidding radar is now active.
[2026-05-17 22:22:17] INFO [mouss_tec_core:49] - 🟢 Mouss Tec Core: Tenant Signals connected successfully.
[2026-05-17 22:22:17] INFO [mouss_tec_core:57] - 🚀 Mouss Tec Central Command is FULLY OPERATIONAL.
[2026-05-17 22:22:32] INFO [mouss_tec_core:76] - 🛡️ Watchdog: Mouss Tec Escrow & Bidding radar is now active.
[2026-05-17 22:23:16] INFO [mouss_tec_core:49] - 🟢 Mouss Tec Core: Tenant Signals connected successfully.
[2026-05-17 22:23:16] INFO [mouss_tec_core:57] - 🚀 Mouss Tec Central Command is FULLY OPERATIONAL.
[2026-05-17 22:23:31] INFO [mouss_tec_core:76] - 🛡️ Watchdog: Mouss Tec Escrow & Bidding radar is now active.
[2026-05-17 22:26:05] INFO [mouss_tec_core:49] - 🟢 Mouss Tec Core: Tenant Signals connected successfully.
[2026-05-17 22:26:05] INFO [mouss_tec_core:57] - 🚀 Mouss Tec Central Command is FULLY OPERATIONAL.
[2026-05-17 22:26:20] INFO [mouss_tec_core:76] - 🛡️ Watchdog: Mouss Tec Escrow & Bidding radar is now active.
[2026-05-17 22:26:27] INFO [mouss_tec_core:73] - 🌐 [SaaS AUTO-SETUP]: Domain 'test.localhost' created for tenant 'test'
[2026-05-17 22:26:27] INFO [mouss_tec_core:87] - 💳 [ESCROW READY]: Immutable Ledger initialized for 'test'
[2026-05-17 22:26:27] ERROR [mouss_tec_core:155] - 🔴 [AUTO-PROVISIONING ERROR]: Failed inside schema 'test' - relation "inventory_branch" does not exist
LINE 1: ...anch"."location", "inventory_branch"."phone" FROM "inventory...
                                                             ^

[2026-05-17 22:26:27] INFO [mouss_tec_core:36] - 📨 [AI BOT]: Welcome kit & credentials generated for test. Ready to dispatch to .
[2026-05-17 22:28:53] INFO [mouss_tec_core:49] - 🟢 Mouss Tec Core: Tenant Signals connected successfully.
[2026-05-17 22:28:53] INFO [mouss_tec_core:57] - 🚀 Mouss Tec Central Command is FULLY OPERATIONAL.
[2026-05-17 22:29:08] INFO [mouss_tec_core:76] - 🛡️ Watchdog: Mouss Tec Escrow & Bidding radar is now active.
[2026-05-17 22:29:12] INFO [mouss_tec_core:73] - 🌐 [SaaS AUTO-SETUP]: Domain 'test.localhost' created for tenant 'test'
[2026-05-17 22:29:12] INFO [mouss_tec_core:87] - 💳 [ESCROW READY]: Immutable Ledger initialized for 'test'
[2026-05-17 22:29:12] ERROR [mouss_tec_core:155] - 🔴 [AUTO-PROVISIONING ERROR]: Failed inside schema 'test' - relation "inventory_branch" does not exist
LINE 1: ...anch"."location", "inventory_branch"."phone" FROM "inventory...
                                                             ^

[2026-05-17 22:29:12] INFO [mouss_tec_core:36] - 📨 [AI BOT]: Welcome kit & credentials generated for test. Ready to dispatch to .
[2026-05-17 22:29:31] INFO [mouss_tec_core:73] - 🌐 [SaaS AUTO-SETUP]: Domain 'kheir.localhost' created for tenant 'kheir'
[2026-05-17 22:29:31] INFO [mouss_tec_core:87] - 💳 [ESCROW READY]: Immutable Ledger initialized for 'kheir'
[2026-05-17 22:29:31] ERROR [mouss_tec_core:155] - 🔴 [AUTO-PROVISIONING ERROR]: Failed inside schema 'kheir' - relation "inventory_branch" does not exist
LINE 1: ...anch"."location", "inventory_branch"."phone" FROM "inventory...
                                                             ^

[2026-05-17 22:29:31] INFO [mouss_tec_core:36] - 📨 [AI BOT]: Welcome kit & credentials generated for kheir. Ready to dispatch to .
[2026-05-17 22:33:46] INFO [mouss_tec_core:49] - 🟢 Mouss Tec Core: Tenant Signals connected successfully.
[2026-05-17 22:33:46] INFO [mouss_tec_core:57] - 🚀 Mouss Tec Central Command is FULLY OPERATIONAL.
[2026-05-17 22:34:00] INFO [mouss_tec_core:73] - 🌐 [SaaS AUTO-SETUP]: Domain 'kheir.localhost' created for tenant 'kheir'
[2026-05-17 22:34:00] INFO [mouss_tec_core:87] - 💳 [ESCROW READY]: Immutable Ledger initialized for 'kheir'
[2026-05-17 22:34:00] ERROR [mouss_tec_core:155] - 🔴 [AUTO-PROVISIONING ERROR]: Failed inside schema 'kheir' - relation "inventory_branch" does not exist
LINE 1: ...anch"."location", "inventory_branch"."phone" FROM "inventory...
                                                             ^

[2026-05-17 22:34:00] INFO [mouss_tec_core:36] - 📨 [AI BOT]: Welcome kit & credentials generated for kheir. Ready to dispatch to .
[2026-05-17 22:34:01] INFO [mouss_tec_core:76] - 🛡️ Watchdog: Mouss Tec Escrow & Bidding radar is now active.
[2026-05-17 22:34:03] INFO [mouss_tec_core:73] - 🌐 [SaaS AUTO-SETUP]: Domain 'kheir_7d35.localhost' created for tenant 'kheir'
[2026-05-17 22:34:03] INFO [mouss_tec_core:87] - 💳 [ESCROW READY]: Immutable Ledger initialized for 'kheir'
[2026-05-17 22:34:03] ERROR [mouss_tec_core:155] - 🔴 [AUTO-PROVISIONING ERROR]: Failed inside schema 'kheir_7d35' - relation "inventory_branch" does not exist
LINE 1: ...anch"."location", "inventory_branch"."phone" FROM "inventory...
                                                             ^

[2026-05-17 22:34:03] INFO [mouss_tec_core:36] - 📨 [AI BOT]: Welcome kit & credentials generated for kheir. Ready to dispatch to .
[2026-05-17 22:39:24] INFO [mouss_tec_core:49] - 🟢 Mouss Tec Core: Tenant Signals connected successfully.
[2026-05-17 22:39:24] INFO [mouss_tec_core:57] - 🚀 Mouss Tec Central Command is FULLY OPERATIONAL.
[2026-05-17 22:39:40] INFO [mouss_tec_core:49] - 🟢 Mouss Tec Core: Tenant Signals connected successfully.
[2026-05-17 22:39:40] INFO [mouss_tec_core:57] - 🚀 Mouss Tec Central Command is FULLY OPERATIONAL.
[2026-05-17 22:39:40] INFO [mouss_tec_core:49] - 🟢 Mouss Tec Core: Tenant Signals connected successfully.
[2026-05-17 22:39:40] INFO [mouss_tec_core:57] - 🚀 Mouss Tec Central Command is FULLY OPERATIONAL.
[2026-05-17 22:39:55] INFO [mouss_tec_core:76] - 🛡️ Watchdog: Mouss Tec Escrow & Bidding radar is now active.
[2026-05-17 22:39:55] INFO [mouss_tec_core:76] - 🛡️ Watchdog: Mouss Tec Escrow & Bidding radar is now active.
[2026-05-17 22:40:37] INFO [mouss_tec_core:49] - 🟢 Mouss Tec Core: Tenant Signals connected successfully.
[2026-05-17 22:40:37] INFO [mouss_tec_core:57] - 🚀 Mouss Tec Central Command is FULLY OPERATIONAL.
[2026-05-17 22:40:52] INFO [mouss_tec_core:76] - 🛡️ Watchdog: Mouss Tec Escrow & Bidding radar is now active.
[2026-05-18 12:10:11] INFO [mouss_tec_core:49] - 🟢 Mouss Tec Core: Tenant Signals connected successfully.
[2026-05-18 12:10:11] INFO [mouss_tec_core:57] - 🚀 Mouss Tec Central Command is FULLY OPERATIONAL.
[2026-05-18 12:10:11] INFO [mouss_tec_core:49] - 🟢 Mouss Tec Core: Tenant Signals connected successfully.
[2026-05-18 12:10:11] INFO [mouss_tec_core:57] - 🚀 Mouss Tec Central Command is FULLY OPERATIONAL.
[2026-05-29 10:17:17] INFO [mouss_tec_core:86] - 🟢 Mouss Tec Core: Tenant Provisioning Signals connected successfully.
[2026-05-29 10:17:17] INFO [mouss_tec_core:94] - 🚀 Mouss Tec Central Command & Multi-Agent Matrix is FULLY OPERATIONAL.
[2026-05-29 10:17:17] INFO [mouss_tec_core:129] - 🟢 Mouss Tec Engine: Inventory Framework Signals connected successfully.
[2026-05-29 10:17:17] INFO [mouss_tec_core:138] - 🚀 Mouss Tec Inventory Command and Cache Warmup Engine is ONLINE.
[2026-05-29 10:17:18] INFO [mouss_tec_core:86] - 🟢 Mouss Tec Core: Tenant Provisioning Signals connected successfully.
[2026-05-29 10:17:18] INFO [mouss_tec_core:94] - 🚀 Mouss Tec Central Command & Multi-Agent Matrix is FULLY OPERATIONAL.
[2026-05-29 10:17:18] INFO [mouss_tec_core:129] - 🟢 Mouss Tec Engine: Inventory Framework Signals connected successfully.
[2026-05-29 10:17:18] INFO [mouss_tec_core:138] - 🚀 Mouss Tec Inventory Command and Cache Warmup Engine is ONLINE.
[2026-05-29 10:18:12] INFO [mouss_tec_core:86] - 🟢 Mouss Tec Core: Tenant Provisioning Signals connected successfully.
[2026-05-29 10:18:12] INFO [mouss_tec_core:94] - 🚀 Mouss Tec Central Command & Multi-Agent Matrix is FULLY OPERATIONAL.
[2026-05-29 10:18:12] INFO [mouss_tec_core:129] - 🟢 Mouss Tec Engine: Inventory Framework Signals connected successfully.
[2026-05-29 10:18:12] INFO [mouss_tec_core:138] - 🚀 Mouss Tec Inventory Command and Cache Warmup Engine is ONLINE.
[2026-05-29 10:18:13] INFO [mouss_tec_core:86] - 🟢 Mouss Tec Core: Tenant Provisioning Signals connected successfully.
[2026-05-29 10:18:13] INFO [mouss_tec_core:94] - 🚀 Mouss Tec Central Command & Multi-Agent Matrix is FULLY OPERATIONAL.
[2026-05-29 10:18:13] INFO [mouss_tec_core:129] - 🟢 Mouss Tec Engine: Inventory Framework Signals connected successfully.
[2026-05-29 10:18:13] INFO [mouss_tec_core:138] - 🚀 Mouss Tec Inventory Command and Cache Warmup Engine is ONLINE.
[2026-05-29 10:18:52] INFO [mouss_tec_core:86] - 🟢 Mouss Tec Core: Tenant Provisioning Signals connected successfully.
[2026-05-29 10:18:52] INFO [mouss_tec_core:94] - 🚀 Mouss Tec Central Command & Multi-Agent Matrix is FULLY OPERATIONAL.
[2026-05-29 10:18:52] INFO [mouss_tec_core:129] - 🟢 Mouss Tec Engine: Inventory Framework Signals connected successfully.
[2026-05-29 10:18:52] INFO [mouss_tec_core:138] - 🚀 Mouss Tec Inventory Command and Cache Warmup Engine is ONLINE.
[2026-05-29 10:18:52] INFO [mouss_tec_core:86] - 🟢 Mouss Tec Core: Tenant Provisioning Signals connected successfully.
[2026-05-29 10:18:52] INFO [mouss_tec_core:94] - 🚀 Mouss Tec Central Command & Multi-Agent Matrix is FULLY OPERATIONAL.
[2026-05-29 10:18:53] INFO [mouss_tec_core:129] - 🟢 Mouss Tec Engine: Inventory Framework Signals connected successfully.
[2026-05-29 10:18:53] INFO [mouss_tec_core:138] - 🚀 Mouss Tec Inventory Command and Cache Warmup Engine is ONLINE.
[2026-05-29 10:24:17] INFO [mouss_tec_core:86] - 🟢 Mouss Tec Core: Tenant Provisioning Signals connected successfully.
[2026-05-29 10:24:17] INFO [mouss_tec_core:94] - 🚀 Mouss Tec Central Command & Multi-Agent Matrix is FULLY OPERATIONAL.
[2026-05-29 10:24:17] INFO [mouss_tec_core:129] - 🟢 Mouss Tec Engine: Inventory Framework Signals connected successfully.
[2026-05-29 10:24:17] INFO [mouss_tec_core:138] - 🚀 Mouss Tec Inventory Command and Cache Warmup Engine is ONLINE.
[2026-05-29 10:24:18] INFO [mouss_tec_core:86] - 🟢 Mouss Tec Core: Tenant Provisioning Signals connected successfully.
[2026-05-29 10:24:18] INFO [mouss_tec_core:94] - 🚀 Mouss Tec Central Command & Multi-Agent Matrix is FULLY OPERATIONAL.
[2026-05-29 10:24:18] INFO [mouss_tec_core:129] - 🟢 Mouss Tec Engine: Inventory Framework Signals connected successfully.
[2026-05-29 10:24:18] INFO [mouss_tec_core:138] - 🚀 Mouss Tec Inventory Command and Cache Warmup Engine is ONLINE.
[2026-05-29 10:24:56] INFO [mouss_tec_core:86] - 🟢 Mouss Tec Core: Tenant Provisioning Signals connected successfully.
[2026-05-29 10:24:56] INFO [mouss_tec_core:94] - 🚀 Mouss Tec Central Command & Multi-Agent Matrix is FULLY OPERATIONAL.
[2026-05-29 10:24:56] INFO [mouss_tec_core:129] - 🟢 Mouss Tec Engine: Inventory Framework Signals connected successfully.
[2026-05-29 10:24:56] INFO [mouss_tec_core:138] - 🚀 Mouss Tec Inventory Command and Cache Warmup Engine is ONLINE.
[2026-05-29 10:24:57] INFO [mouss_tec_core:86] - 🟢 Mouss Tec Core: Tenant Provisioning Signals connected successfully.
[2026-05-29 10:24:57] INFO [mouss_tec_core:94] - 🚀 Mouss Tec Central Command & Multi-Agent Matrix is FULLY OPERATIONAL.
[2026-05-29 10:24:57] INFO [mouss_tec_core:129] - 🟢 Mouss Tec Engine: Inventory Framework Signals connected successfully.
[2026-05-29 10:24:57] INFO [mouss_tec_core:138] - 🚀 Mouss Tec Inventory Command and Cache Warmup Engine is ONLINE.
[2026-05-29 10:28:32] INFO [mouss_tec_core:86] - 🟢 Mouss Tec Core: Tenant Provisioning Signals connected successfully.
[2026-05-29 10:28:32] INFO [mouss_tec_core:94] - 🚀 Mouss Tec Central Command & Multi-Agent Matrix is FULLY OPERATIONAL.
[2026-05-29 10:28:32] INFO [mouss_tec_core:129] - 🟢 Mouss Tec Engine: Inventory Framework Signals connected successfully.
[2026-05-29 10:28:32] INFO [mouss_tec_core:138] - 🚀 Mouss Tec Inventory Command and Cache Warmup Engine is ONLINE.
[2026-05-29 10:28:33] INFO [mouss_tec_core:86] - 🟢 Mouss Tec Core: Tenant Provisioning Signals connected successfully.
[2026-05-29 10:28:33] INFO [mouss_tec_core:94] - 🚀 Mouss Tec Central Command & Multi-Agent Matrix is FULLY OPERATIONAL.
[2026-05-29 10:28:33] INFO [mouss_tec_core:129] - 🟢 Mouss Tec Engine: Inventory Framework Signals connected successfully.
[2026-05-29 10:28:33] INFO [mouss_tec_core:138] - 🚀 Mouss Tec Inventory Command and Cache Warmup Engine is ONLINE.
[2026-05-29 10:28:36] INFO [mouss_tec_core:1853] - [MARKETPLACE] New customer +21099887766 registered, OTP: 256922
[2026-05-29 10:28:36] WARNING [mouss_tec_core:1949] - [OTP-CONSOLE] phone=+21099887766 otp=256922 — اضبط OTP_DELIVERY_PROVIDER في settings (twilio/vonage/whatsapp_meta)
[2026-05-29 10:29:04] INFO [mouss_tec_core:86] - 🟢 Mouss Tec Core: Tenant Provisioning Signals connected successfully.
[2026-05-29 10:29:04] INFO [mouss_tec_core:94] - 🚀 Mouss Tec Central Command & Multi-Agent Matrix is FULLY OPERATIONAL.
[2026-05-29 10:29:04] INFO [mouss_tec_core:129] - 🟢 Mouss Tec Engine: Inventory Framework Signals connected successfully.
[2026-05-29 10:29:04] INFO [mouss_tec_core:138] - 🚀 Mouss Tec Inventory Command and Cache Warmup Engine is ONLINE.
[2026-05-29 10:29:05] INFO [mouss_tec_core:86] - 🟢 Mouss Tec Core: Tenant Provisioning Signals connected successfully.
[2026-05-29 10:29:05] INFO [mouss_tec_core:94] - 🚀 Mouss Tec Central Command & Multi-Agent Matrix is FULLY OPERATIONAL.
[2026-05-29 10:29:05] INFO [mouss_tec_core:129] - 🟢 Mouss Tec Engine: Inventory Framework Signals connected successfully.
[2026-05-29 10:29:05] INFO [mouss_tec_core:138] - 🚀 Mouss Tec Inventory Command and Cache Warmup Engine is ONLINE.
[2026-05-29 10:29:08] INFO [mouss_tec_core:1853] - [MARKETPLACE] New customer +21087654321 registered, OTP: 571393
[2026-05-29 10:29:08] WARNING [mouss_tec_core:1949] - [OTP-CONSOLE] phone=+21087654321 otp=571393 — اضبط OTP_DELIVERY_PROVIDER في settings (twilio/vonage/whatsapp_meta)
[2026-05-29 10:29:08] INFO [mouss_tec_core:2540] - [MARKETPLACE NOTIFY] Notified 0 merchants of request 8718f8c2-727b-47cb-b13c-ac34eddc4386
[2026-05-29 17:47:01] INFO [mouss_tec_core:86] - 🟢 Mouss Tec Core: Tenant Provisioning Signals connected successfully.
[2026-05-29 17:47:01] INFO [mouss_tec_core:94] - 🚀 Mouss Tec Central Command & Multi-Agent Matrix is FULLY OPERATIONAL.
[2026-05-29 17:47:01] INFO [mouss_tec_core:129] - 🟢 Mouss Tec Engine: Inventory Framework Signals connected successfully.
[2026-05-29 17:47:01] INFO [mouss_tec_core:138] - 🚀 Mouss Tec Inventory Command and Cache Warmup Engine is ONLINE.
[2026-05-29 17:47:02] INFO [mouss_tec_core:86] - 🟢 Mouss Tec Core: Tenant Provisioning Signals connected successfully.
[2026-05-29 17:47:02] INFO [mouss_tec_core:94] - 🚀 Mouss Tec Central Command & Multi-Agent Matrix is FULLY OPERATIONAL.
[2026-05-29 17:47:02] INFO [mouss_tec_core:129] - 🟢 Mouss Tec Engine: Inventory Framework Signals connected successfully.
[2026-05-29 17:47:02] INFO [mouss_tec_core:138] - 🚀 Mouss Tec Inventory Command and Cache Warmup Engine is ONLINE.
[2026-05-29 17:47:05] INFO [mouss_tec_core:1857] - [MARKETPLACE] New customer +201099887766 registered, OTP: 767425
[2026-05-29 17:47:05] WARNING [mouss_tec_core:1953] - [OTP-CONSOLE] phone=+201099887766 otp=767425 — اضبط OTP_DELIVERY_PROVIDER في settings (twilio/vonage/whatsapp_meta)
[2026-05-29 17:47:05] INFO [mouss_tec_core:2549] - [MARKETPLACE NOTIFY] Notified 0 merchants of request 6e7c4ea5-159c-487e-aef4-c14dde3d281e
[2026-05-29 17:51:37] INFO [mouss_tec_core:156] - [SALE] Starting execution for INV #1
[2026-05-29 17:51:37] INFO [mouss_tec_core:300] - [SALE] INV #1 executed successfully.
[2026-05-29 17:52:17] INFO [mouss_tec_core:156] - [SALE] Starting execution for INV #2
[2026-05-29 17:52:17] INFO [mouss_tec_core:300] - [SALE] INV #2 executed successfully.
[2026-05-29 17:53:17] INFO [mouss_tec_core:213] - [ACCOUNTING] Generated entries for FT-2 (amount=500)
[2026-05-29 17:54:04] INFO [mouss_tec_core:213] - [ACCOUNTING] Generated entries for FT-1 (amount=1000.00)
[2026-05-29 17:57:40] INFO [mouss_tec_core:84] - 🟢 Mouss Tec Core: Tenant Provisioning Signals connected successfully.
[2026-05-29 17:57:40] INFO [mouss_tec_core:128] - 🟢 Mouss Tec Engine: Inventory Framework Signals connected successfully.
[2026-05-29 17:57:40] INFO [mouss_tec_core:213] - [ACCOUNTING] Generated entries for FT-5 (amount=99)
[2026-05-29 17:57:40] INFO [mouss_tec_core:61] - [TREASURY] Credited 99 EGP on treasury #1 (type=in)
[2026-05-29 17:58:04] INFO [mouss_tec_core:84] - 🟢 Mouss Tec Core: Tenant Provisioning Signals connected successfully.
[2026-05-29 17:58:04] INFO [mouss_tec_core:128] - 🟢 Mouss Tec Engine: Inventory Framework Signals connected successfully.
[2026-05-29 17:58:05] ERROR [mouss_tec_core:346] - [B2B ROUTER] Celery fail: [Errno 61] Connection refused
[2026-05-29 17:58:05] INFO [mouss_tec_core:156] - [SALE] Starting execution for INV #3
[2026-05-29 17:58:05] INFO [mouss_tec_core:300] - [SALE] INV #3 executed successfully.
[2026-05-29 17:58:06] INFO [mouss_tec_core:156] - [SALE] Starting execution for INV #3
[2026-05-29 17:58:06] INFO [mouss_tec_core:213] - [ACCOUNTING] Generated entries for FT-6 (amount=800.00)
[2026-05-29 17:58:06] INFO [mouss_tec_core:61] - [TREASURY] Credited 800.00 EGP on treasury #1 (type=in)
[2026-05-29 17:58:06] ERROR [mouss_tec_core:109] - [AUDIT] Failed to log Customer #1: '>' not supported between instances of 'CombinedExpression' and 'int'
[2026-05-29 17:58:06] INFO [mouss_tec_core:300] - [SALE] INV #3 executed successfully.
[2026-05-29 17:58:06] ERROR [mouss_tec_core:346] - [B2B ROUTER] Celery fail: [Errno 61] Connection refused
[2026-05-29 17:58:06] ERROR [mouss_tec_core:109] - [AUDIT] Failed to log SaleInvoice #3: '>' not supported between instances of 'CombinedExpression' and 'int'
[2026-05-29 17:58:06] INFO [mouss_tec_core:156] - [SALE] Starting execution for INV #3
[2026-05-29 17:58:06] ERROR [mouss_tec_core:109] - [AUDIT] Failed to log Customer #1: '>' not supported between instances of 'CombinedExpression' and 'int'
[2026-05-29 17:58:06] INFO [mouss_tec_core:300] - [SALE] INV #3 executed successfully.
[2026-05-29 17:58:07] ERROR [mouss_tec_core:346] - [B2B ROUTER] Celery fail: [Errno 61] Connection refused
[2026-05-29 17:58:07] ERROR [mouss_tec_core:109] - [AUDIT] Failed to log SaleInvoice #3: '>' not supported between instances of 'CombinedExpression' and 'int'
[2026-05-29 17:58:07] INFO [mouss_tec_core:156] - [SALE] Starting execution for INV #3
[2026-05-29 17:58:07] ERROR [mouss_tec_core:109] - [AUDIT] Failed to log Customer #1: '>' not supported between instances of 'CombinedExpression' and 'int'
[2026-05-29 17:58:07] INFO [mouss_tec_core:300] - [SALE] INV #3 executed successfully.
[2026-05-29 17:58:07] ERROR [mouss_tec_core:346] - [B2B ROUTER] Celery fail: [Errno 61] Connection refused
[2026-05-29 18:07:12] INFO [mouss_tec_core:84] - 🟢 Mouss Tec Core: Tenant Provisioning Signals connected successfully.
[2026-05-29 18:07:12] INFO [mouss_tec_core:128] - 🟢 Mouss Tec Engine: Inventory Framework Signals connected successfully.
[2026-05-29 18:07:12] ERROR [mouss_tec_core:346] - [B2B ROUTER] Celery fail: [Errno 61] Connection refused
[2026-05-29 18:07:12] INFO [mouss_tec_core:169] - [SALE] Starting execution for INV #4
[2026-05-29 18:07:12] INFO [mouss_tec_core:313] - [SALE] INV #4 executed successfully.
[2026-05-29 18:07:12] INFO [mouss_tec_core:166] - [SALE] INV #4 already applied or missing — skipping
[2026-05-29 18:07:12] INFO [mouss_tec_core:166] - [SALE] INV #4 already applied or missing — skipping
[2026-05-29 18:07:12] INFO [mouss_tec_core:166] - [SALE] INV #4 already applied or missing — skipping
[2026-05-29 18:07:12] INFO [mouss_tec_core:166] - [SALE] INV #4 already applied or missing — skipping
[2026-05-29 18:08:20] INFO [mouss_tec_core:84] - 🟢 Mouss Tec Core: Tenant Provisioning Signals connected successfully.
[2026-05-29 18:08:20] INFO [mouss_tec_core:128] - 🟢 Mouss Tec Engine: Inventory Framework Signals connected successfully.
[2026-05-29 18:08:21] ERROR [mouss_tec_core:346] - [B2B ROUTER] Celery fail: [Errno 61] Connection refused
[2026-05-29 18:08:21] INFO [mouss_tec_core:169] - [SALE] Starting execution for INV #5
[2026-05-29 18:08:21] INFO [mouss_tec_core:313] - [SALE] INV #5 executed successfully.
[2026-05-29 18:08:22] ERROR [mouss_tec_core:346] - [B2B ROUTER] Celery fail: [Errno 61] Connection refused
